
2024/03/05 (00:25:31) | ===> btop++ v.1.3.2
2024/03/05 (00:25:31) | WARNING: Failed to set locale en_US.UTF-8 continuing anyway.

2024/03/05 (00:26:17) | ===> btop++ v.1.3.2
2024/03/05 (00:26:17) | WARNING: Failed to set locale en_US.UTF-8 continuing anyway.

2024/07/11 (18:56:10) | ===> btop++ v.1.3.2
2024/07/11 (18:56:10) | ERROR: Couldn't determine terminal size of "STDOUT_FILENO"!
2024/07/11 (18:56:10) | ERROR: Couldn't determine terminal size of "/dev/tty"!

2024/09/24 (00:23:24) | ===> btop++ v.1.4.0
2024/09/24 (00:23:24) | WARNING: Intel GPU: Failed to initialize PMU

2024/09/24 (00:23:29) | ===> btop++ v.1.4.0
2024/09/24 (00:23:29) | WARNING: Intel GPU: Failed to initialize PMU

2024/09/24 (13:40:40) | ===> btop++ v.1.4.0
2024/09/24 (13:40:40) | WARNING: Intel GPU: Failed to initialize PMU

2024/09/27 (09:47:29) | ===> btop++ v.1.4.0
2024/09/27 (09:47:29) | WARNING: Intel GPU: Failed to initialize PMU

2024/09/27 (15:39:21) | ===> btop++ v.1.4.0
2024/09/27 (15:39:21) | WARNING: Intel GPU: Failed to initialize PMU

2024/09/28 (09:40:09) | ===> btop++ v.1.4.0
2024/09/28 (09:40:09) | WARNING: Intel GPU: Failed to initialize PMU

2024/10/02 (09:51:35) | ===> btop++ v.1.4.0
2024/10/02 (09:51:35) | WARNING: Intel GPU: Failed to initialize PMU

2024/10/04 (00:47:22) | ===> btop++ v.1.4.0
2024/10/04 (00:47:22) | WARNING: Intel GPU: Failed to initialize PMU

2024/10/04 (08:47:42) | ===> btop++ v.1.4.0
2024/10/04 (08:47:42) | WARNING: Intel GPU: Failed to initialize PMU

2024/10/04 (09:14:59) | ===> btop++ v.1.4.0
2024/10/04 (09:14:59) | WARNING: Intel GPU: Failed to initialize PMU

2024/10/20 (09:54:20) | ===> btop++ v.1.4.0
2024/10/20 (09:54:20) | WARNING: Intel GPU: Failed to initialize PMU

2024/10/22 (08:51:24) | ===> btop++ v.1.4.0
2024/10/22 (08:51:24) | WARNING: Intel GPU: Failed to initialize PMU

2024/10/23 (08:44:17) | ===> btop++ v.1.4.0
2024/10/23 (08:44:17) | WARNING: Intel GPU: Failed to initialize PMU

2024/10/23 (09:26:34) | ===> btop++ v.1.4.0
2024/10/23 (09:26:34) | WARNING: Intel GPU: Failed to initialize PMU

2024/11/05 (23:42:38) | ===> btop++ v.1.4.0
2024/11/05 (23:42:38) | WARNING: Intel GPU: Failed to initialize PMU

2024/11/11 (13:40:27) | ===> btop++ v.1.4.0
2024/11/11 (13:40:27) | WARNING: Intel GPU: Failed to initialize PMU

2024/11/11 (13:40:32) | ===> btop++ v.1.4.0
2024/11/11 (13:40:32) | WARNING: Intel GPU: Failed to initialize PMU
